Watching for file changes with StatReloader
"GET / HTTP/1.1" 200 10934
Not Found: /apple-touch-icon-precomposed.png
Not Found: /apple-touch-icon.png
Not Found: /favicon.ico
Not Found: /favicon.ico
Not Found: /apple-touch-icon-precomposed.png
"GET /apple-touch-icon-precomposed.png HTTP/1.1" 404 4122
"GET /apple-touch-icon.png HTTP/1.1" 404 4086
"GET /favicon.ico HTTP/1.1" 404 4059
"GET /favicon.ico HTTP/1.1" 404 4059
"GET /apple-touch-icon-precomposed.png HTTP/1.1" 404 4122
Not Found: /apple-touch-icon.png
"GET /apple-touch-icon.png HTTP/1.1" 404 4086
"GET /register/ HTTP/1.1" 200 11928
"POST /register/ HTTP/1.1" 200 12289
"POST /register/ HTTP/1.1" 200 12250
"POST /register/ HTTP/1.1" 302 0
"GET /dashboard/ HTTP/1.1" 200 14846
"GET /dashboard/ HTTP/1.1" 200 14483
"GET /schedule/ HTTP/1.1" 200 10032
"GET /homework/ HTTP/1.1" 200 10230
"GET /grades/ HTTP/1.1" 200 10188
"GET /courses/ HTTP/1.1" 200 9941
"GET /dashboard/ HTTP/1.1" 200 14483
Watching for file changes with StatReloader
"GET / HTTP/1.1" 200 12097
"GET /admin/ HTTP/1.1" 302 0
"GET /admin/login/?next=/admin/ HTTP/1.1" 200 3936
"GET /static/admin/css/base.css HTTP/1.1" 200 21310
"GET /static/admin/css/dark_mode.css HTTP/1.1" 200 2929
"GET /static/admin/js/nav_sidebar.js HTTP/1.1" 304 0
"GET /static/admin/css/nav_sidebar.css HTTP/1.1" 200 2694
"GET /static/admin/css/login.css HTTP/1.1" 200 958
"GET /static/admin/js/theme.js HTTP/1.1" 304 0
"GET /static/admin/css/responsive.css HTTP/1.1" 200 18559
"POST /admin/login/?next=/admin/ HTTP/1.1" 302 0
"GET /admin/ HTTP/1.1" 200 11285
"GET /static/admin/css/dashboard.css HTTP/1.1" 200 441
"GET /static/admin/img/icon-changelink.svg HTTP/1.1" 200 380
"GET /static/admin/img/icon-addlink.svg HTTP/1.1" 200 331
"GET /admin/education/homework/ HTTP/1.1" 200 13383
"GET /static/admin/css/changelists.css HTTP/1.1" 200 6566
"GET /static/admin/js/jquery.init.js HTTP/1.1" 200 347
"GET /static/admin/js/core.js HTTP/1.1" 200 5682
"GET /static/admin/js/admin/RelatedObjectLookups.js HTTP/1.1" 200 8943
"GET /static/admin/js/actions.js HTTP/1.1" 200 7872
"GET /static/admin/js/prepopulate.js HTTP/1.1" 200 1531
"GET /static/admin/js/filters.js HTTP/1.1" 304 0
"GET /admin/jsi18n/ HTTP/1.1" 200 16066
"GET /static/admin/js/urlify.js HTTP/1.1" 200 7887
"GET /static/admin/js/vendor/xregexp/xregexp.js HTTP/1.1" 304 0
"GET /static/admin/img/search.svg HTTP/1.1" 200 458
"GET /static/admin/js/vendor/jquery/jquery.js HTTP/1.1" 200 292458
"GET /static/admin/img/tooltag-add.svg HTTP/1.1" 200 331
- Broken pipe from ('127.0.0.1', 58863)
- Broken pipe from ('127.0.0.1', 58865)
- Broken pipe from ('127.0.0.1', 58862)
- Broken pipe from ('127.0.0.1', 58858)
- Broken pipe from ('127.0.0.1', 58861)
- Broken pipe from ('127.0.0.1', 58864)
Watching for file changes with StatReloader
"GET / HTTP/1.1" 200 12062
"GET /homework/ HTTP/1.1" 200 10195
"GET /grades/ HTTP/1.1" 200 10153
"GET /schedule/ HTTP/1.1" 200 9997
"GET /dashboard/ HTTP/1.1" 200 14413
"GET / HTTP/1.1" 200 12062
"GET /dashboard/ HTTP/1.1" 200 14413
"GET /schedule/ HTTP/1.1" 200 9997
"GET /homework/ HTTP/1.1" 200 10195
- Broken pipe from ('127.0.0.1', 59231)
"GET / HTTP/1.1" 200 12062
"GET /logout/ HTTP/1.1" 302 0
"GET / HTTP/1.1" 200 11282
/Users/khadizh/Desktop/educenter/education/urls.py changed, reloading.
Watching for file changes with StatReloader
/Users/khadizh/Desktop/educenter/education/urls.py changed, reloading.
Watching for file changes with StatReloader
Watching for file changes with StatReloader
"GET / HTTP/1.1" 200 10934
"GET /admin/ HTTP/1.1" 302 0
"GET /admin/login/?next=/admin/ HTTP/1.1" 200 4241
"GET /static/admin/css/nav_sidebar.css HTTP/1.1" 200 2694
"POST /admin/login/?next=/admin/ HTTP/1.1" 302 0
"GET /admin/ HTTP/1.1" 200 11285
"GET /static/admin/css/dashboard.css HTTP/1.1" 200 441
"GET /static/admin/img/icon-addlink.svg HTTP/1.1" 200 331
"GET / HTTP/1.1" 200 12062
Watching for file changes with StatReloader
Watching for file changes with StatReloader
"GET / HTTP/1.1" 200 10934
"GET /admin/ HTTP/1.1" 302 0
"GET /admin/login/?next=/admin/ HTTP/1.1" 200 4241
"POST /admin/login/?next=/admin/ HTTP/1.1" 302 0
"GET /admin/ HTTP/1.1" 200 11285
"GET /admin/education/course/ HTTP/1.1" 200 12574
"GET /static/admin/css/changelists.css HTTP/1.1" 200 6566
"GET /static/admin/js/core.js HTTP/1.1" 200 5682
"GET /static/admin/js/prepopulate.js HTTP/1.1" 200 1531
"GET /static/admin/js/admin/RelatedObjectLookups.js HTTP/1.1" 200 8943
"GET /static/admin/js/vendor/xregexp/xregexp.js HTTP/1.1" 200 232381
"GET /admin/jsi18n/ HTTP/1.1" 200 16066
"GET /static/admin/img/search.svg HTTP/1.1" 200 458
"GET /static/admin/img/tooltag-add.svg HTTP/1.1" 200 331
"GET /admin/education/course/add/ HTTP/1.1" 200 18086
"GET /static/admin/js/prepopulate_init.js HTTP/1.1" 200 586
"GET /static/admin/css/forms.css HTTP/1.1" 200 9090
"GET /static/admin/js/change_form.js HTTP/1.1" 200 606
"GET /static/admin/js/calendar.js HTTP/1.1" 200 8466
"GET /static/admin/js/admin/DateTimeShortcuts.js HTTP/1.1" 200 19319
"GET /static/admin/css/widgets.css HTTP/1.1" 200 11921
"GET /admin/jsi18n/ HTTP/1.1" 200 16066
"GET /static/admin/img/icon-deletelink.svg HTTP/1.1" 200 392
"GET /static/admin/img/icon-viewlink.svg HTTP/1.1" 200 581
"GET /static/admin/img/icon-calendar.svg HTTP/1.1" 200 1086
Not Found: /teachers/
"GET /teachers/ HTTP/1.1" 404 4053
"GET / HTTP/1.1" 200 12062
"GET / HTTP/1.1" 200 12062
Watching for file changes with StatReloader
"GET / HTTP/1.1" 200 12062
"GET /admin/ HTTP/1.1" 200 11285
"GET /admin/education/mentor/ HTTP/1.1" 200 12472
"GET /admin/jsi18n/ HTTP/1.1" 200 16066
"GET /admin/education/mentor/add/ HTTP/1.1" 200 16806
"GET /admin/jsi18n/ HTTP/1.1" 200 16066
"GET /admin/education/course/ HTTP/1.1" 200 12574
"GET /admin/jsi18n/ HTTP/1.1" 200 16066
"GET /admin/education/course/add/ HTTP/1.1" 200 18086
"GET /admin/jsi18n/ HTTP/1.1" 200 16066
Watching for file changes with StatReloader
"GET / HTTP/1.1" 200 10934
"GET /admin/ HTTP/1.1" 302 0
"GET /admin/login/?next=/admin/ HTTP/1.1" 200 4348
"GET /static/admin/css/nav_sidebar.css HTTP/1.1" 200 2810
"GET /static/admin/js/nav_sidebar.js HTTP/1.1" 200 3063
"GET /static/admin/css/dark_mode.css HTTP/1.1" 200 2808
"GET /static/admin/css/login.css HTTP/1.1" 200 951
"GET /static/admin/css/base.css HTTP/1.1" 200 22120
"GET /static/admin/js/theme.js HTTP/1.1" 200 1653
"GET /static/admin/css/responsive.css HTTP/1.1" 200 16565
"POST /admin/login/?next=/admin/ HTTP/1.1" 302 0
Internal Server Error: /admin/
Traceback (most recent call last):
  File "/Users/khadizh/Desktop/educenter/venv/lib/python3.13/site-packages/django/core/handlers/exception.py", line 55, in inner
    response = get_response(request)
  File "/Users/khadizh/Desktop/educenter/venv/lib/python3.13/site-packages/django/core/handlers/base.py", line 220, in _get_response
    response = response.render()
  File "/Users/khadizh/Desktop/educenter/venv/lib/python3.13/site-packages/django/template/response.py", line 114, in render
    self.content = self.rendered_content
                   ^^^^^^^^^^^^^^^^^^^^^
  File "/Users/khadizh/Desktop/educenter/venv/lib/python3.13/site-packages/django/template/response.py", line 90, in rendered_content
    template = self.resolve_template(self.template_name)
  File "/Users/khadizh/Desktop/educenter/venv/lib/python3.13/site-packages/django/template/response.py", line 74, in resolve_template
    return get_template(template, using=self.using)
  File "/Users/khadizh/Desktop/educenter/venv/lib/python3.13/site-packages/django/template/loader.py", line 19, in get_template
    raise TemplateDoesNotExist(template_name, chain=chain)
django.template.exceptions.TemplateDoesNotExist: admin/parent_dashboard.html
"GET /admin/ HTTP/1.1" 500 74199
- Broken pipe from ('127.0.0.1', 55962)
- Broken pipe from ('127.0.0.1', 55960)
Internal Server Error: /admin/
Traceback (most recent call last):
  File "/Users/khadizh/Desktop/educenter/venv/lib/python3.13/site-packages/django/core/handlers/exception.py", line 55, in inner
    response = get_response(request)
  File "/Users/khadizh/Desktop/educenter/venv/lib/python3.13/site-packages/django/core/handlers/base.py", line 220, in _get_response
    response = response.render()
  File "/Users/khadizh/Desktop/educenter/venv/lib/python3.13/site-packages/django/template/response.py", line 114, in render
    self.content = self.rendered_content
                   ^^^^^^^^^^^^^^^^^^^^^
  File "/Users/khadizh/Desktop/educenter/venv/lib/python3.13/site-packages/django/template/response.py", line 90, in rendered_content
    template = self.resolve_template(self.template_name)
  File "/Users/khadizh/Desktop/educenter/venv/lib/python3.13/site-packages/django/template/response.py", line 74, in resolve_template
    return get_template(template, using=self.using)
  File "/Users/khadizh/Desktop/educenter/venv/lib/python3.13/site-packages/django/template/loader.py", line 19, in get_template
    raise TemplateDoesNotExist(template_name, chain=chain)
django.template.exceptions.TemplateDoesNotExist: admin/parent_dashboard.html
"GET /admin/ HTTP/1.1" 500 74023
"GET / HTTP/1.1" 200 12062
"GET /dashboard/ HTTP/1.1" 200 14413
Not Found: /\u0444\u0432\u044c\u0448\u0442
"GET /%D1%84%D0%B2%D1%8C%D1%88%D1%82 HTTP/1.1" 404 5120
Internal Server Error: /admin/
Traceback (most recent call last):
  File "/Users/khadizh/Desktop/educenter/venv/lib/python3.13/site-packages/django/core/handlers/exception.py", line 55, in inner
    response = get_response(request)
  File "/Users/khadizh/Desktop/educenter/venv/lib/python3.13/site-packages/django/core/handlers/base.py", line 220, in _get_response
    response = response.render()
  File "/Users/khadizh/Desktop/educenter/venv/lib/python3.13/site-packages/django/template/response.py", line 114, in render
    self.content = self.rendered_content
                   ^^^^^^^^^^^^^^^^^^^^^
  File "/Users/khadizh/Desktop/educenter/venv/lib/python3.13/site-packages/django/template/response.py", line 90, in rendered_content
    template = self.resolve_template(self.template_name)
  File "/Users/khadizh/Desktop/educenter/venv/lib/python3.13/site-packages/django/template/response.py", line 74, in resolve_template
    return get_template(template, using=self.using)
  File "/Users/khadizh/Desktop/educenter/venv/lib/python3.13/site-packages/django/template/loader.py", line 19, in get_template
    raise TemplateDoesNotExist(template_name, chain=chain)
django.template.exceptions.TemplateDoesNotExist: admin/parent_dashboard.html
"GET /admin/ HTTP/1.1" 500 74023
Watching for file changes with StatReloader
"GET / HTTP/1.1" 200 12062
"GET /dashboard/ HTTP/1.1" 200 14413
"GET /schedule/ HTTP/1.1" 200 9997
"GET /dashboard/ HTTP/1.1" 200 14413
"GET /homework/ HTTP/1.1" 200 10195
"GET /grades/ HTTP/1.1" 200 10153
"GET /courses/ HTTP/1.1" 200 9906
Internal Server Error: /admin/
Traceback (most recent call last):
  File "/Users/khadizh/Desktop/educenter/venv/lib/python3.13/site-packages/django/core/handlers/exception.py", line 55, in inner
    response = get_response(request)
  File "/Users/khadizh/Desktop/educenter/venv/lib/python3.13/site-packages/django/core/handlers/base.py", line 220, in _get_response
    response = response.render()
  File "/Users/khadizh/Desktop/educenter/venv/lib/python3.13/site-packages/django/template/response.py", line 114, in render
    self.content = self.rendered_content
                   ^^^^^^^^^^^^^^^^^^^^^
  File "/Users/khadizh/Desktop/educenter/venv/lib/python3.13/site-packages/django/template/response.py", line 90, in rendered_content
    template = self.resolve_template(self.template_name)
  File "/Users/khadizh/Desktop/educenter/venv/lib/python3.13/site-packages/django/template/response.py", line 74, in resolve_template
    return get_template(template, using=self.using)
  File "/Users/khadizh/Desktop/educenter/venv/lib/python3.13/site-packages/django/template/loader.py", line 19, in get_template
    raise TemplateDoesNotExist(template_name, chain=chain)
django.template.exceptions.TemplateDoesNotExist: admin/parent_dashboard.html
"GET /admin/ HTTP/1.1" 500 74402
/Users/khadizh/Desktop/educenter/venv/lib/python3.13/site-packages/django/contrib/admin/sites.py changed, reloading.
Watching for file changes with StatReloader
"GET /admin/ HTTP/1.1" 200 14413
"GET /admin/ HTTP/1.1" 200 14413
Not Found: /apple-touch-icon-precomposed.png
"GET /apple-touch-icon-precomposed.png HTTP/1.1" 404 5166
Not Found: /favicon.ico
"GET /favicon.ico HTTP/1.1" 404 5103
Not Found: /apple-touch-icon.png
"GET /apple-touch-icon.png HTTP/1.1" 404 5130
/Users/khadizh/Desktop/educenter/venv/lib/python3.13/site-packages/django/contrib/admin/sites.py changed, reloading.
Watching for file changes with StatReloader
"GET /admin/ HTTP/1.1" 200 13223
"GET /admin/education/student/add/ HTTP/1.1" 200 21199
"GET /admin/jsi18n/ HTTP/1.1" 200 16820
"GET /static/admin/js/calendar.js HTTP/1.1" 200 9141
"GET /static/admin/js/admin/DateTimeShortcuts.js HTTP/1.1" 200 19319
"GET /static/admin/js/jquery.init.js HTTP/1.1" 200 347
"GET /static/admin/js/core.js HTTP/1.1" 200 6208
"GET /static/admin/js/admin/RelatedObjectLookups.js HTTP/1.1" 200 9777
"GET /static/admin/js/actions.js HTTP/1.1" 200 8076
"GET /static/admin/js/urlify.js HTTP/1.1" 200 7887
"GET /static/admin/js/prepopulate.js HTTP/1.1" 200 1531
"GET /static/admin/js/change_form.js HTTP/1.1" 200 606
"GET /static/admin/img/icon-changelink.svg HTTP/1.1" 200 380
"GET /static/admin/js/prepopulate_init.js HTTP/1.1" 200 586
"GET /static/admin/css/forms.css HTTP/1.1" 200 8525
"GET /static/admin/js/vendor/jquery/jquery.js HTTP/1.1" 200 285314
"GET /static/admin/js/vendor/xregexp/xregexp.js HTTP/1.1" 200 325171
"GET /static/admin/img/icon-addlink.svg HTTP/1.1" 200 331
"GET /static/admin/css/widgets.css HTTP/1.1" 200 11973
"GET /static/admin/img/icon-viewlink.svg HTTP/1.1" 200 581
"GET /static/admin/img/icon-deletelink.svg HTTP/1.1" 200 392
"GET /static/admin/img/icon-calendar.svg HTTP/1.1" 200 1086
"GET /admin/education/user/ HTTP/1.1" 200 19130
"GET /static/admin/css/changelists.css HTTP/1.1" 200 6878
"GET /static/admin/js/filters.js HTTP/1.1" 200 978
"GET /static/admin/img/icon-yes.svg HTTP/1.1" 200 436
"GET /static/admin/img/search.svg HTTP/1.1" 200 458
"GET /admin/jsi18n/ HTTP/1.1" 200 16820
"GET /static/admin/img/icon-no.svg HTTP/1.1" 200 560
"GET /static/admin/img/tooltag-add.svg HTTP/1.1" 200 331
"GET /static/admin/img/sorting-icons.svg HTTP/1.1" 200 1097
"GET / HTTP/1.1" 200 12062
"GET /logout/ HTTP/1.1" 302 0
"GET / HTTP/1.1" 200 11282
"GET /register/ HTTP/1.1" 200 12050
"GET /admin/ HTTP/1.1" 302 0
"GET /admin/login/?next=/admin/ HTTP/1.1" 200 4348
"POST /admin/login/?next=/admin/ HTTP/1.1" 302 0
"GET /admin/ HTTP/1.1" 200 13223
"GET /admin/education/mentor/add/ HTTP/1.1" 200 19329
"GET /admin/jsi18n/ HTTP/1.1" 200 16820
"GET /admin/education/user/ HTTP/1.1" 200 19130
"GET /admin/jsi18n/ HTTP/1.1" 200 16820
"GET /admin/education/user/add/ HTTP/1.1" 200 22580
"GET /static/admin/css/unusable_password_field.css HTTP/1.1" 200 663
"GET /static/admin/js/unusable_password_field.js HTTP/1.1" 200 1480
"GET /admin/jsi18n/ HTTP/1.1" 200 16820
"POST /admin/education/user/add/ HTTP/1.1" 302 0
"GET /admin/education/user/3/change/ HTTP/1.1" 200 37267
"GET /admin/jsi18n/ HTTP/1.1" 200 16820
"GET /static/admin/js/SelectBox.js HTTP/1.1" 200 4530
"GET /static/admin/js/SelectFilter2.js HTTP/1.1" 200 15845
"GET /static/admin/img/selector-icons.svg HTTP/1.1" 200 3291
"GET /static/admin/img/icon-clock.svg HTTP/1.1" 200 677
"GET /admin/education/mentor/ HTTP/1.1" 200 15260
"GET /admin/jsi18n/ HTTP/1.1" 200 16820
"GET /admin/education/mentor/add/ HTTP/1.1" 200 19398
"GET /admin/jsi18n/ HTTP/1.1" 200 16820
"POST /admin/education/mentor/add/ HTTP/1.1" 302 0
"GET /admin/education/mentor/ HTTP/1.1" 200 18076
"GET /admin/jsi18n/ HTTP/1.1" 200 16820
"GET /admin/education/user/ HTTP/1.1" 200 19744
"GET /admin/jsi18n/ HTTP/1.1" 200 16820
"GET / HTTP/1.1" 200 12062
"GET /logout/ HTTP/1.1" 302 0
"GET / HTTP/1.1" 200 11282
"GET /register/ HTTP/1.1" 200 12050
"POST /register/ HTTP/1.1" 200 12617
"POST /register/ HTTP/1.1" 302 0
"GET /dashboard/ HTTP/1.1" 302 0
"GET / HTTP/1.1" 200 12753
"GET /dashboard/ HTTP/1.1" 302 0
"GET / HTTP/1.1" 200 12460
Internal Server Error: /schedule/
Traceback (most recent call last):
  File "/Users/khadizh/Desktop/educenter/venv/lib/python3.13/site-packages/django/core/handlers/exception.py", line 55, in inner
    response = get_response(request)
  File "/Users/khadizh/Desktop/educenter/venv/lib/python3.13/site-packages/django/core/handlers/base.py", line 197, in _get_response
    response = wrapped_callback(request, *callback_args, **callback_kwargs)
  File "/Users/khadizh/Desktop/educenter/venv/lib/python3.13/site-packages/django/contrib/auth/decorators.py", line 59, in _view_wrapper
    return view_func(request, *args, **kwargs)
  File "/Users/khadizh/Desktop/educenter/education/views.py", line 227, in schedule_view
    student = user.student_profile
              ^^^^^^^^^^^^^^^^^^^^
  File "/Users/khadizh/Desktop/educenter/venv/lib/python3.13/site-packages/django/utils/functional.py", line 253, in inner
    return func(_wrapped, *args)
  File "/Users/khadizh/Desktop/educenter/venv/lib/python3.13/site-packages/django/db/models/fields/related_descriptors.py", line 534, in __get__
    raise self.RelatedObjectDoesNotExist(
    ...<2 lines>...
    )
education.models.User.student_profile.RelatedObjectDoesNotExist: User has no student_profile.
"GET /schedule/ HTTP/1.1" 500 73926
Internal Server Error: /homework/
Traceback (most recent call last):
  File "/Users/khadizh/Desktop/educenter/venv/lib/python3.13/site-packages/django/core/handlers/exception.py", line 55, in inner
    response = get_response(request)
  File "/Users/khadizh/Desktop/educenter/venv/lib/python3.13/site-packages/django/core/handlers/base.py", line 197, in _get_response
    response = wrapped_callback(request, *callback_args, **callback_kwargs)
  File "/Users/khadizh/Desktop/educenter/venv/lib/python3.13/site-packages/django/contrib/auth/decorators.py", line 59, in _view_wrapper
    return view_func(request, *args, **kwargs)
  File "/Users/khadizh/Desktop/educenter/education/views.py", line 262, in homework_list
    student = user.student_profile
              ^^^^^^^^^^^^^^^^^^^^
  File "/Users/khadizh/Desktop/educenter/venv/lib/python3.13/site-packages/django/utils/functional.py", line 253, in inner
    return func(_wrapped, *args)
  File "/Users/khadizh/Desktop/educenter/venv/lib/python3.13/site-packages/django/db/models/fields/related_descriptors.py", line 534, in __get__
    raise self.RelatedObjectDoesNotExist(
    ...<2 lines>...
    )
education.models.User.student_profile.RelatedObjectDoesNotExist: User has no student_profile.
"GET /homework/ HTTP/1.1" 500 73937
"GET /admin/ HTTP/1.1" 302 0
"GET /admin/login/?next=/admin/ HTTP/1.1" 200 3918
"POST /admin/login/?next=/admin/ HTTP/1.1" 302 0
"GET /admin/ HTTP/1.1" 200 13223
"GET /admin/education/course/add/ HTTP/1.1" 200 20719
"GET /admin/jsi18n/ HTTP/1.1" 200 16820
"POST /admin/education/course/add/ HTTP/1.1" 302 0
"GET /admin/education/course/ HTTP/1.1" 200 19027
"GET /admin/jsi18n/ HTTP/1.1" 200 16820
"GET / HTTP/1.1" 200 12062
"GET /courses/ HTTP/1.1" 200 11682
"GET /schedule/ HTTP/1.1" 200 9997
"GET /admin/ HTTP/1.1" 200 13223
"GET /admin/education/course/add/ HTTP/1.1" 200 20719
"GET /admin/jsi18n/ HTTP/1.1" 200 16820
"GET /admin/education/mentor/ HTTP/1.1" 200 17811
"GET /admin/jsi18n/ HTTP/1.1" 200 16820
"GET /admin/education/mentor/add/ HTTP/1.1" 200 19484
"GET /admin/jsi18n/ HTTP/1.1" 200 16820
"GET /admin/education/user/ HTTP/1.1" 200 20395
"GET /admin/jsi18n/ HTTP/1.1" 200 16820
"GET /admin/education/user/add/ HTTP/1.1" 200 22580
"GET /admin/jsi18n/ HTTP/1.1" 200 16820
"GET /admin/education/user/add/ HTTP/1.1" 200 22580
"GET /admin/jsi18n/ HTTP/1.1" 200 16820
"POST /admin/education/user/add/ HTTP/1.1" 302 0
"GET /admin/education/user/5/change/ HTTP/1.1" 200 37301
"GET /admin/jsi18n/ HTTP/1.1" 200 16820
"GET /admin/education/mentor/ HTTP/1.1" 200 17811
"GET /admin/jsi18n/ HTTP/1.1" 200 16820
"GET /admin/education/mentor/add/ HTTP/1.1" 200 19559
"GET /admin/jsi18n/ HTTP/1.1" 200 16820
"POST /admin/education/mentor/add/ HTTP/1.1" 302 0
"GET /admin/education/mentor/ HTTP/1.1" 200 18762
"GET /admin/jsi18n/ HTTP/1.1" 200 16820
"GET /admin/education/course/ HTTP/1.1" 200 18913
"GET /admin/jsi18n/ HTTP/1.1" 200 16820
"GET /admin/education/course/add/ HTTP/1.1" 200 20803
"GET /admin/jsi18n/ HTTP/1.1" 200 16820
"POST /admin/education/course/add/ HTTP/1.1" 302 0
"GET /admin/education/course/ HTTP/1.1" 200 19931
"GET /admin/jsi18n/ HTTP/1.1" 200 16820
"GET /admin/education/student/ HTTP/1.1" 200 15601
"GET /admin/jsi18n/ HTTP/1.1" 200 16820
"GET /admin/education/student/add/ HTTP/1.1" 200 21429
"GET /admin/jsi18n/ HTTP/1.1" 200 16820
"POST /admin/education/student/add/ HTTP/1.1" 302 0
"GET /admin/education/student/ HTTP/1.1" 200 18553
"GET /admin/jsi18n/ HTTP/1.1" 200 16820
"GET / HTTP/1.1" 200 12062
"GET /logout/ HTTP/1.1" 302 0
"GET / HTTP/1.1" 200 11282
"GET /login/ HTTP/1.1" 200 9967
"POST /login/ HTTP/1.1" 302 0
Internal Server Error: /dashboard/
Traceback (most recent call last):
  File "/Users/khadizh/Desktop/educenter/venv/lib/python3.13/site-packages/django/core/handlers/exception.py", line 55, in inner
    response = get_response(request)
  File "/Users/khadizh/Desktop/educenter/venv/lib/python3.13/site-packages/django/core/handlers/base.py", line 197, in _get_response
    response = wrapped_callback(request, *callback_args, **callback_kwargs)
  File "/Users/khadizh/Desktop/educenter/venv/lib/python3.13/site-packages/django/contrib/auth/decorators.py", line 59, in _view_wrapper
    return view_func(request, *args, **kwargs)
  File "/Users/khadizh/Desktop/educenter/education/views.py", line 81, in dashboard
    return student_dashboard(request)
  File "/Users/khadizh/Desktop/educenter/venv/lib/python3.13/site-packages/django/contrib/auth/decorators.py", line 59, in _view_wrapper
    return view_func(request, *args, **kwargs)
  File "/Users/khadizh/Desktop/educenter/education/views.py", line 210, in student_dashboard
    return render(request, 'student_dashboard.html', context)
  File "/Users/khadizh/Desktop/educenter/venv/lib/python3.13/site-packages/django/shortcuts.py", line 25, in render
    content = loader.render_to_string(template_name, context, request, using=using)
  File "/Users/khadizh/Desktop/educenter/venv/lib/python3.13/site-packages/django/template/loader.py", line 61, in render_to_string
    template = get_template(template_name, using=using)
  File "/Users/khadizh/Desktop/educenter/venv/lib/python3.13/site-packages/django/template/loader.py", line 15, in get_template
    return engine.get_template(template_name)
           ~~~~~~~~~~~~~~~~~~~^^^^^^^^^^^^^^^
  File "/Users/khadizh/Desktop/educenter/venv/lib/python3.13/site-packages/django/template/backends/django.py", line 79, in get_template
    return Template(self.engine.get_template(template_name), self)
                    ~~~~~~~~~~~~~~~~~~~~~~~~^^^^^^^^^^^^^^^
  File "/Users/khadizh/Desktop/educenter/venv/lib/python3.13/site-packages/django/template/engine.py", line 177, in get_template
    template, origin = self.find_template(template_name)
                       ~~~~~~~~~~~~~~~~~~^^^^^^^^^^^^^^^
  File "/Users/khadizh/Desktop/educenter/venv/lib/python3.13/site-packages/django/template/engine.py", line 159, in find_template
    template = loader.get_template(name, skip=skip)
  File "/Users/khadizh/Desktop/educenter/venv/lib/python3.13/site-packages/django/template/loaders/cached.py", line 57, in get_template
    template = super().get_template(template_name, skip)
  File "/Users/khadizh/Desktop/educenter/venv/lib/python3.13/site-packages/django/template/loaders/base.py", line 28, in get_template
    return Template(
        contents,
    ...<2 lines>...
        self.engine,
    )
  File "/Users/khadizh/Desktop/educenter/venv/lib/python3.13/site-packages/django/template/base.py", line 154, in __init__
    self.nodelist = self.compile_nodelist()
                    ~~~~~~~~~~~~~~~~~~~~~^^
  File "/Users/khadizh/Desktop/educenter/venv/lib/python3.13/site-packages/django/template/base.py", line 196, in compile_nodelist
    nodelist = parser.parse()
  File "/Users/khadizh/Desktop/educenter/venv/lib/python3.13/site-packages/django/template/base.py", line 518, in parse
    raise self.error(token, e)
  File "/Users/khadizh/Desktop/educenter/venv/lib/python3.13/site-packages/django/template/base.py", line 516, in parse
    compiled_result = compile_func(self, token)
  File "/Users/khadizh/Desktop/educenter/venv/lib/python3.13/site-packages/django/template/loader_tags.py", line 299, in do_extends
    nodelist = parser.parse()
  File "/Users/khadizh/Desktop/educenter/venv/lib/python3.13/site-packages/django/template/base.py", line 518, in parse
    raise self.error(token, e)
  File "/Users/khadizh/Desktop/educenter/venv/lib/python3.13/site-packages/django/template/base.py", line 516, in parse
    compiled_result = compile_func(self, token)
  File "/Users/khadizh/Desktop/educenter/venv/lib/python3.13/site-packages/django/template/loader_tags.py", line 234, in do_block
    nodelist = parser.parse(("endblock",))
  File "/Users/khadizh/Desktop/educenter/venv/lib/python3.13/site-packages/django/template/base.py", line 518, in parse
    raise self.error(token, e)
  File "/Users/khadizh/Desktop/educenter/venv/lib/python3.13/site-packages/django/template/base.py", line 516, in parse
    compiled_result = compile_func(self, token)
  File "/Users/khadizh/Desktop/educenter/venv/lib/python3.13/site-packages/django/template/defaulttags.py", line 962, in do_if
    nodelist = parser.parse(("elif", "else", "endif"))
  File "/Users/khadizh/Desktop/educenter/venv/lib/python3.13/site-packages/django/template/base.py", line 489, in parse
    raise self.error(token, e)
  File "/Users/khadizh/Desktop/educenter/venv/lib/python3.13/site-packages/django/template/base.py", line 487, in parse
    filter_expression = self.compile_filter(token.contents)
  File "/Users/khadizh/Desktop/educenter/venv/lib/python3.13/site-packages/django/template/base.py", line 609, in compile_filter
    return FilterExpression(token, self)
  File "/Users/khadizh/Desktop/educenter/venv/lib/python3.13/site-packages/django/template/base.py", line 682, in __init__
    raise TemplateSyntaxError(
    ...<2 lines>...
    )
django.template.exceptions.TemplateSyntaxError: Could not parse some characters: recent_grades|first|.grade||default:"N/A"
"GET /dashboard/ HTTP/1.1" 500 292215
"GET /dashboard/ HTTP/1.1" 200 12968
"GET /schedule/ HTTP/1.1" 200 10037
"GET /homework/ HTTP/1.1" 200 10235
"GET /grades/ HTTP/1.1" 200 10193
"GET /courses/ HTTP/1.1" 200 13816
"GET /courses/1/ HTTP/1.1" 200 13785
"GET /admin/ HTTP/1.1" 302 0
"GET /admin/login/?next=/admin/ HTTP/1.1" 200 3918
"POST /admin/login/?next=/admin/ HTTP/1.1" 302 0
"GET /admin/ HTTP/1.1" 200 13223
"GET /courses/ HTTP/1.1" 200 13776
"GET /grades/ HTTP/1.1" 200 10153
"GET /homework/ HTTP/1.1" 200 10195
"GET /schedule/ HTTP/1.1" 200 9997
"GET /dashboard/ HTTP/1.1" 200 14413
"GET /schedule/ HTTP/1.1" 200 9997
"GET /dashboard/ HTTP/1.1" 200 14413
"GET /schedule/ HTTP/1.1" 200 9997
"GET /schedule/ HTTP/1.1" 200 9997
"GET /dashboard/ HTTP/1.1" 200 14413
"GET /homework/ HTTP/1.1" 200 10195
"GET /grades/ HTTP/1.1" 200 10153
"GET /courses/ HTTP/1.1" 200 13776
"GET /admin/ HTTP/1.1" 200 13223
"GET /admin/education/student/add/ HTTP/1.1" 200 21429
"GET /admin/jsi18n/ HTTP/1.1" 200 16820
"GET /admin/education/enrollment/ HTTP/1.1" 200 15832
"GET /admin/jsi18n/ HTTP/1.1" 200 16820
"GET /admin/education/enrollment/add/ HTTP/1.1" 200 18294
"GET /admin/jsi18n/ HTTP/1.1" 200 16820
"POST /admin/education/enrollment/add/ HTTP/1.1" 302 0
"GET /admin/education/enrollment/ HTTP/1.1" 200 18615
"GET /admin/jsi18n/ HTTP/1.1" 200 16820
"GET /admin/education/lesson/ HTTP/1.1" 200 15662
"GET /admin/jsi18n/ HTTP/1.1" 200 16820
"GET /admin/education/lesson/add/ HTTP/1.1" 200 20925
"GET /admin/jsi18n/ HTTP/1.1" 200 16820
"POST /admin/education/lesson/add/ HTTP/1.1" 200 21329
"GET /admin/jsi18n/ HTTP/1.1" 200 16820
"POST /admin/education/lesson/add/ HTTP/1.1" 302 0
"GET /admin/education/lesson/ HTTP/1.1" 200 19761
"GET /admin/jsi18n/ HTTP/1.1" 200 16820
"GET / HTTP/1.1" 200 12062
"GET /logout/ HTTP/1.1" 302 0
"GET / HTTP/1.1" 200 11282
"GET /login/ HTTP/1.1" 200 9967
"POST /login/ HTTP/1.1" 302 0
"GET /dashboard/ HTTP/1.1" 200 13398
"GET /dashboard/ HTTP/1.1" 200 13037
"GET /schedule/ HTTP/1.1" 200 10037
"GET /homework/ HTTP/1.1" 200 10235
"GET /grades/ HTTP/1.1" 200 10193
"GET /courses/ HTTP/1.1" 200 13816
/Users/khadizh/Desktop/educenter/education/models.py changed, reloading.
Watching for file changes with StatReloader
Watching for file changes with StatReloader
"GET / HTTP/1.1" 200 12102
"GET /logout/ HTTP/1.1" 302 0
"GET / HTTP/1.1" 200 11282
"GET /admin/ HTTP/1.1" 302 0
"GET /admin/login/?next=/admin/ HTTP/1.1" 200 4348
"POST /admin/login/?next=/admin/ HTTP/1.1" 302 0
"GET /admin/ HTTP/1.1" 200 13223
"GET /admin/education/mentor/add/ HTTP/1.1" 200 27628
"GET /admin/jsi18n/ HTTP/1.1" 200 16820
"GET /admin/education/mentor/ HTTP/1.1" 200 24933
"GET /admin/jsi18n/ HTTP/1.1" 200 16820
"GET /admin/education/mentor/3/change/ HTTP/1.1" 200 28382
"GET /admin/jsi18n/ HTTP/1.1" 200 16820
"GET /admin/education/user/ HTTP/1.1" 200 79878
"GET /admin/jsi18n/ HTTP/1.1" 200 16820
Watching for file changes with StatReloader
"GET / HTTP/1.1" 200 12062
"GET /admin/ HTTP/1.1" 200 13223
"GET /admin/education/mentor/add/ HTTP/1.1" 200 20186
"GET /admin/jsi18n/ HTTP/1.1" 200 16820
"GET /admin/education/user/ HTTP/1.1" 200 21025
"GET /admin/jsi18n/ HTTP/1.1" 200 16820
"GET /admin/education/enrollment/ HTTP/1.1" 200 15510
"GET /admin/jsi18n/ HTTP/1.1" 200 16820
"GET /admin/education/lesson/ HTTP/1.1" 200 15340
"GET /admin/jsi18n/ HTTP/1.1" 200 16820
"GET /admin/education/homework/ HTTP/1.1" 200 16171
"GET /admin/jsi18n/ HTTP/1.1" 200 16820
Watching for file changes with StatReloader
"GET / HTTP/1.1" 200 14053
"GET /logout/ HTTP/1.1" 302 0
"GET / HTTP/1.1" 200 13273
"GET /login/ HTTP/1.1" 200 9967
"POST /login/ HTTP/1.1" 302 0
"GET /dashboard/ HTTP/1.1" 200 14844
"GET /admin/ HTTP/1.1" 302 0
"GET /admin/login/?next=/admin/ HTTP/1.1" 200 3923
"POST /admin/login/?next=/admin/ HTTP/1.1" 200 4209
"POST /admin/login/?next=/admin/ HTTP/1.1" 302 0
"GET /admin/ HTTP/1.1" 200 13223
"GET /admin/education/student/add/ HTTP/1.1" 200 23211
"GET /admin/jsi18n/ HTTP/1.1" 200 16820
"POST /admin/education/student/add/ HTTP/1.1" 200 23546
"GET /admin/jsi18n/ HTTP/1.1" 200 16820
"GET /admin/education/mentor/add/ HTTP/1.1" 200 21569
"GET /admin/jsi18n/ HTTP/1.1" 200 16820
"GET /admin/education/mentor/ HTTP/1.1" 200 22979
"GET /admin/jsi18n/ HTTP/1.1" 200 16820
"POST /admin/education/mentor/ HTTP/1.1" 200 14323
"GET /static/admin/js/cancel.js HTTP/1.1" 200 884
"POST /admin/education/mentor/ HTTP/1.1" 302 0
"GET /admin/education/mentor/ HTTP/1.1" 200 21241
"GET /admin/jsi18n/ HTTP/1.1" 200 16820
"GET /admin/education/user/ HTTP/1.1" 200 34120
"GET /admin/jsi18n/ HTTP/1.1" 200 16820
"GET /admin/education/mentor/ HTTP/1.1" 200 21088
"GET /admin/jsi18n/ HTTP/1.1" 200 16820
"GET /admin/education/mentor/add/ HTTP/1.1" 200 21569
"GET /admin/jsi18n/ HTTP/1.1" 200 16820
"POST /admin/education/mentor/add/ HTTP/1.1" 302 0
"GET /admin/education/mentor/ HTTP/1.1" 200 22067
"GET /admin/jsi18n/ HTTP/1.1" 200 16820
"GET /admin/education/mentor/23/change/ HTTP/1.1" 200 22031
"GET /admin/jsi18n/ HTTP/1.1" 200 16820
"GET / HTTP/1.1" 200 14053
"GET /logout/ HTTP/1.1" 302 0
"GET / HTTP/1.1" 200 13273
"GET /login/ HTTP/1.1" 200 9967
"GET /admin/ HTTP/1.1" 302 0
"GET /admin/login/?next=/admin/ HTTP/1.1" 200 4348
"POST /admin/login/?next=/admin/ HTTP/1.1" 302 0
"GET /admin/ HTTP/1.1" 200 13223
"GET /admin/education/mentor/add/ HTTP/1.1" 200 21569
"GET /admin/jsi18n/ HTTP/1.1" 200 16820
"GET /admin/education/user/ HTTP/1.1" 200 34120
"GET /admin/jsi18n/ HTTP/1.1" 200 16820
"GET /admin/education/user/3/change/ HTTP/1.1" 200 36932
"GET /admin/jsi18n/ HTTP/1.1" 200 16820
"GET /admin/education/user/3/password/ HTTP/1.1" 200 15740
"POST /admin/education/user/3/password/ HTTP/1.1" 302 0
"GET /admin/education/user/3/change/ HTTP/1.1" 200 37081
"GET /admin/jsi18n/ HTTP/1.1" 200 16820
"GET / HTTP/1.1" 200 14053
"GET /logout/ HTTP/1.1" 302 0
"GET / HTTP/1.1" 200 13273
"GET /login/ HTTP/1.1" 200 9967
"POST /login/ HTTP/1.1" 302 0
"GET /dashboard/ HTTP/1.1" 200 13179
"GET /admin/education/lesson/add/ HTTP/1.1" 302 0
"GET /admin/login/?next=/admin/education/lesson/add/ HTTP/1.1" 200 3959
"POST /admin/login/?next=/admin/education/lesson/add/ HTTP/1.1" 200 4239
Watching for file changes with StatReloader
"GET / HTTP/1.1" 200 14079
"GET / HTTP/1.1" 200 14079
"GET / HTTP/1.1" 200 14082
"GET / HTTP/1.1" 200 14085
"GET /dashboard/ HTTP/1.1" 200 12824
Watching for file changes with StatReloader
"GET / HTTP/1.1" 200 14085
Not Found: /apple-touch-icon-precomposed.png
Not Found: /apple-touch-icon-precomposed.png
"GET /apple-touch-icon-precomposed.png HTTP/1.1" 404 5166
"GET /apple-touch-icon-precomposed.png HTTP/1.1" 404 5166
Not Found: /apple-touch-icon.png
Not Found: /favicon.ico
"GET /apple-touch-icon.png HTTP/1.1" 404 5130
"GET /favicon.ico HTTP/1.1" 404 5103
Not Found: /apple-touch-icon.png
"GET /apple-touch-icon.png HTTP/1.1" 404 5130
"GET /admin/ HTTP/1.1" 302 0
"GET /admin/login/?next=/admin/ HTTP/1.1" 200 3917
"POST /admin/login/?next=/admin/ HTTP/1.1" 302 0
"GET /admin/ HTTP/1.1" 200 13229
"GET /admin/education/student/add/ HTTP/1.1" 200 23211
"GET /static/admin/css/widgets.css HTTP/1.1" 200 11973
"GET /static/admin/img/icon-addlink.svg HTTP/1.1" 200 331
"GET /admin/jsi18n/ HTTP/1.1" 200 16820
"GET /admin/education/student/ HTTP/1.1" 200 21056
"GET /admin/jsi18n/ HTTP/1.1" 200 16820
"GET /admin/education/mentor/ HTTP/1.1" 200 21810
"GET /admin/jsi18n/ HTTP/1.1" 200 16820
"GET /admin/education/homework/ HTTP/1.1" 200 22102
"GET /admin/jsi18n/ HTTP/1.1" 200 16820
"GET /admin/education/student/ HTTP/1.1" 200 21056
"GET /admin/jsi18n/ HTTP/1.1" 200 16820
"GET /admin/education/homework/ HTTP/1.1" 200 22102
"GET /admin/jsi18n/ HTTP/1.1" 200 16820
"GET /admin/education/homework/80/change/ HTTP/1.1" 200 19486
"GET /admin/jsi18n/ HTTP/1.1" 200 16820
"GET / HTTP/1.1" 200 14062
"GET /logout/ HTTP/1.1" 302 0
"GET / HTTP/1.1" 200 13282
"GET /login/ HTTP/1.1" 200 9973
"POST /login/ HTTP/1.1" 302 0
"GET /dashboard/ HTTP/1.1" 302 0
"GET / HTTP/1.1" 200 14751
Internal Server Error: /homework/
Traceback (most recent call last):
  File "/Users/khadizh/Desktop/educenter/venv/lib/python3.13/site-packages/django/core/handlers/exception.py", line 55, in inner
    response = get_response(request)
  File "/Users/khadizh/Desktop/educenter/venv/lib/python3.13/site-packages/django/core/handlers/base.py", line 197, in _get_response
    response = wrapped_callback(request, *callback_args, **callback_kwargs)
  File "/Users/khadizh/Desktop/educenter/venv/lib/python3.13/site-packages/django/contrib/auth/decorators.py", line 59, in _view_wrapper
    return view_func(request, *args, **kwargs)
  File "/Users/khadizh/Desktop/educenter/education/views.py", line 262, in homework_list
    student = user.student_profile
              ^^^^^^^^^^^^^^^^^^^^
  File "/Users/khadizh/Desktop/educenter/venv/lib/python3.13/site-packages/django/utils/functional.py", line 253, in inner
    return func(_wrapped, *args)
  File "/Users/khadizh/Desktop/educenter/venv/lib/python3.13/site-packages/django/db/models/fields/related_descriptors.py", line 534, in __get__
    raise self.RelatedObjectDoesNotExist(
    ...<2 lines>...
    )
education.models.User.student_profile.RelatedObjectDoesNotExist: User has no student_profile.
"GET /homework/ HTTP/1.1" 500 73937
"GET /admin/ HTTP/1.1" 302 0
"GET /admin/login/?next=/admin/ HTTP/1.1" 200 3918
"POST /admin/login/?next=/admin/ HTTP/1.1" 302 0
"GET /admin/ HTTP/1.1" 200 13229
"GET /homework/ HTTP/1.1" 200 10201
"GET /dashboard/ HTTP/1.1" 200 14419
"GET /logout/ HTTP/1.1" 302 0
"GET / HTTP/1.1" 200 13282
"GET /login/ HTTP/1.1" 200 9973
"POST /login/ HTTP/1.1" 302 0
"GET /dashboard/ HTTP/1.1" 200 14850
"GET /logout/ HTTP/1.1" 302 0
"GET / HTTP/1.1" 200 13282
"GET /login/ HTTP/1.1" 200 9973
"POST /login/ HTTP/1.1" 200 10352
"POST /login/ HTTP/1.1" 200 10352
"POST /login/ HTTP/1.1" 302 0
"GET /dashboard/ HTTP/1.1" 200 14850
"GET /homework/ HTTP/1.1" 200 10236
"GET /schedule/ HTTP/1.1" 200 10038
"GET /dashboard/ HTTP/1.1" 200 14489
"GET /grades/ HTTP/1.1" 200 10194
"GET /courses/ HTTP/1.1" 200 21671
"GET /courses/27/ HTTP/1.1" 200 15507
